<?xml version="1.0" encoding="UTF-8"?>
<!-- Generated by org.testng.reporters.JUnitReportReporter -->
<testsuite hostname="DESKTOP-R2H61RT" failures="0" tests="1" name="com.CRM.QA.TestCases.LoginPageTest" time="7.128" errors="0" timestamp="2023-10-09T15:48:53 IST" skipped="0">
  <testcase classname="com.CRM.QA.TestCases.LoginPageTest" name="Login" time="7.128"/>
  <system-out/>
</testsuite> <!-- com.CRM.QA.TestCases.LoginPageTest -->
